<?xml version="1.0" encoding="UTF-8"?>
<testsuite xmlns:xsi="http://www.w3.org/2001/XMLSchema-instance" xsi:noNamespaceSchemaLocation="https://maven.apache.org/surefire/maven-surefire-plugin/xsd/surefire-test-report.xsd" name="TestSuite" time="28.779" tests="23" errors="0" skipped="0" failures="12">
  <properties>
[...]
</properties>
  <testcase name="addTest" classname="tests.CalculatorFunctionalityTest" time="0.255">
    <failure message="expected [6] but found [7]" type="java.lang.AssertionError">java.lang.AssertionError: expected [6] but found [7]
	at tests.CalculatorFunctionalityTest.addTest(CalculatorFunctionalityTest.java:52)
</failure>
    <system-err><![CDATA[SLF4J: Failed to load class "org.slf4j.impl.StaticLoggerBinder".
SLF4J: Defaulting to no-operation (NOP) logger implementation
SLF4J: See http://www.slf4j.org/codes.html#StaticLoggerBinder for further details.
Starting ChromeDriver 92.0.4515.107 (87a818b10553a07434ea9e2b6dccf3cbe7895134-refs/branch-heads/4515@{#1634}) on port 7330
Only local connections are allowed.
Please see https://chromedriver.chromium.org/security-considerations for suggestions on keeping ChromeDriver safe.
ChromeDriver was started successfully.
Aug 11, 2021 11:30:48 PM org.openqa.selenium.remote.ProtocolHandshake createSession
INFO: Detected dialect: W3C
]]></system-err>
  </testcase>
  <testcase name="addTest" classname="tests.CalculatorFunctionalityTest" time="0.208"/>
  <testcase name="addTest" classname="tests.CalculatorFunctionalityTest" time="0.213"/>
  <testcase name="addTest" classname="tests.CalculatorFunctionalityTest" time="0.205"/>
  <testcase name="addTest" classname="tests.CalculatorFunctionalityTest" time="0.197"/>
  <testcase name="subtractTest" classname="tests.CalculatorFunctionalityTest" time="0.189">
    <failure message="expected [-4] but found [-5]" type="java.lang.AssertionError">java.lang.AssertionError: expected [-4] but found [-5]
	at tests.CalculatorFunctionalityTest.subtractTest(CalculatorFunctionalityTest.java:63)
</failure>
    <system-err><![CDATA[Starting ChromeDriver 92.0.4515.107 (87a818b10553a07434ea9e2b6dccf3cbe7895134-refs/branch-heads/4515@{#1634}) on port 17307
Only local connections are allowed.
Please see https://chromedriver.chromium.org/security-considerations for suggestions on keeping ChromeDriver safe.
ChromeDriver was started successfully.
Aug 11, 2021 11:30:53 PM org.openqa.selenium.remote.ProtocolHandshake createSession
INFO: Detected dialect: W3C
]]></system-err>
  </testcase>
  <testcase name="subtractTest" classname="tests.CalculatorFunctionalityTest" time="0.209"/>
  <testcase name="subtractTest" classname="tests.CalculatorFunctionalityTest" time="0.193"/>
  <testcase name="subtractTest" classname="tests.CalculatorFunctionalityTest" time="0.206"/>
  <testcase name="subtractTest" classname="tests.CalculatorFunctionalityTest" time="0.184"/>
  <testcase name="multiplyTest" classname="tests.CalculatorFunctionalityTest" time="0.227">
    <failure message="expected [5] but found [8]" type="java.lang.AssertionError">java.lang.AssertionError: expected [5] but found [8]
	at tests.CalculatorFunctionalityTest.multiplyTest(CalculatorFunctionalityTest.java:73)
</failure>
    <system-err><![CDATA[Starting ChromeDriver 92.0.4515.107 (87a818b10553a07434ea9e2b6dccf3cbe7895134-refs/branch-heads/4515@{#1634}) on port 6465
Only local connections are allowed.
Please see https://chromedriver.chromium.org/security-considerations for suggestions on keeping ChromeDriver safe.
ChromeDriver was started successfully.
Aug 11, 2021 11:30:58 PM org.openqa.selenium.remote.ProtocolHandshake createSession
INFO: Detected dialect: W3C
]]></system-err>
  </testcase>
  <testcase name="multiplyTest" classname="tests.CalculatorFunctionalityTest" time="0.205">
    <failure message="expected [8] but found [10]" type="java.lang.AssertionError">java.lang.AssertionError: expected [8] but found [10]
	at tests.CalculatorFunctionalityTest.multiplyTest(CalculatorFunctionalityTest.java:73)
</failure>
    <system-err><![CDATA[Starting ChromeDriver 92.0.4515.107 (87a818b10553a07434ea9e2b6dccf3cbe7895134-refs/branch-heads/4515@{#1634}) on port 5416
Only local connections are allowed.
Please see https://chromedriver.chromium.org/security-considerations for suggestions on keeping ChromeDriver safe.
ChromeDriver was started successfully.
Aug 11, 2021 11:30:59 PM org.openqa.selenium.remote.ProtocolHandshake createSession
INFO: Detected dialect: W3C
]]></system-err>
  </testcase>
  <testcase name="multiplyTest" classname="tests.CalculatorFunctionalityTest" time="0.192">
    <failure message="expected [27] but found [29]" type="java.lang.AssertionError">java.lang.AssertionError: expected [27] but found [29]
	at tests.CalculatorFunctionalityTest.multiplyTest(CalculatorFunctionalityTest.java:73)
</failure>
    <system-err><![CDATA[Starting ChromeDriver 92.0.4515.107 (87a818b10553a07434ea9e2b6dccf3cbe7895134-refs/branch-heads/4515@{#1634}) on port 11908
Only local connections are allowed.
Please see https://chromedriver.chromium.org/security-considerations for suggestions on keeping ChromeDriver safe.
ChromeDriver was started successfully.
Aug 11, 2021 11:31:00 PM org.openqa.selenium.remote.ProtocolHandshake createSession
INFO: Detected dialect: W3C
]]></system-err>
  </testcase>
  <testcase name="multiplyTest" classname="tests.CalculatorFunctionalityTest" time="0.192">
    <failure message="expected [56] but found [58]" type="java.lang.AssertionError">java.lang.AssertionError: expected [56] but found [58]
	at tests.CalculatorFunctionalityTest.multiplyTest(CalculatorFunctionalityTest.java:73)
</failure>
    <system-err><![CDATA[Starting ChromeDriver 92.0.4515.107 (87a818b10553a07434ea9e2b6dccf3cbe7895134-refs/branch-heads/4515@{#1634}) on port 36911
Only local connections are allowed.
Please see https://chromedriver.chromium.org/security-considerations for suggestions on keeping ChromeDriver safe.
ChromeDriver was started successfully.
Aug 11, 2021 11:31:01 PM org.openqa.selenium.remote.ProtocolHandshake createSession
INFO: Detected dialect: W3C
]]></system-err>
  </testcase>
  <testcase name="multiplyTest" classname="tests.CalculatorFunctionalityTest" time="0.196">
    <failure message="expected [0] but found [2]" type="java.lang.AssertionError">java.lang.AssertionError: expected [0] but found [2]
	at tests.CalculatorFunctionalityTest.multiplyTest(CalculatorFunctionalityTest.java:73)
</failure>
    <system-err><![CDATA[Starting ChromeDriver 92.0.4515.107 (87a818b10553a07434ea9e2b6dccf3cbe7895134-refs/branch-heads/4515@{#1634}) on port 36414
Only local connections are allowed.
Please see https://chromedriver.chromium.org/security-considerations for suggestions on keeping ChromeDriver safe.
ChromeDriver was started successfully.
Aug 11, 2021 11:31:02 PM org.openqa.selenium.remote.ProtocolHandshake createSession
INFO: Detected dialect: W3C
]]></system-err>
  </testcase>
  <testcase name="divideTest" classname="tests.CalculatorFunctionalityTest" time="0.188">
    <failure message="expected [0.2] but found [0]" type="java.lang.AssertionError">java.lang.AssertionError: expected [0.2] but found [0]
	at tests.CalculatorFunctionalityTest.divideTest(CalculatorFunctionalityTest.java:83)
</failure>
    <system-err><![CDATA[Starting ChromeDriver 92.0.4515.107 (87a818b10553a07434ea9e2b6dccf3cbe7895134-refs/branch-heads/4515@{#1634}) on port 3431
Only local connections are allowed.
Please see https://chromedriver.chromium.org/security-considerations for suggestions on keeping ChromeDriver safe.
ChromeDriver was started successfully.
Aug 11, 2021 11:31:03 PM org.openqa.selenium.remote.ProtocolHandshake createSession
INFO: Detected dialect: W3C
]]></system-err>
  </testcase>
  <testcase name="divideTest" classname="tests.CalculatorFunctionalityTest" time="0.245">
    <failure message="expected [0.5] but found [1]" type="java.lang.AssertionError">java.lang.AssertionError: expected [0.5] but found [1]
	at tests.CalculatorFunctionalityTest.divideTest(CalculatorFunctionalityTest.java:83)
</failure>
    <system-err><![CDATA[Starting ChromeDriver 92.0.4515.107 (87a818b10553a07434ea9e2b6dccf3cbe7895134-refs/branch-heads/4515@{#1634}) on port 47951
Only local connections are allowed.
Please see https://chromedriver.chromium.org/security-considerations for suggestions on keeping ChromeDriver safe.
ChromeDriver was started successfully.
Aug 11, 2021 11:31:04 PM org.openqa.selenium.remote.ProtocolHandshake createSession
INFO: Detected dialect: W3C
]]></system-err>
  </testcase>
  <testcase name="divideTest" classname="tests.CalculatorFunctionalityTest" time="0.202"/>
  <testcase name="divideTest" classname="tests.CalculatorFunctionalityTest" time="0.188">
    <failure message="expected [0.875] but found [1]" type="java.lang.AssertionError">java.lang.AssertionError: expected [0.875] but found [1]
	at tests.CalculatorFunctionalityTest.divideTest(CalculatorFunctionalityTest.java:83)
</failure>
    <system-err><![CDATA[Starting ChromeDriver 92.0.4515.107 (87a818b10553a07434ea9e2b6dccf3cbe7895134-refs/branch-heads/4515@{#1634}) on port 31910
Only local connections are allowed.
Please see https://chromedriver.chromium.org/security-considerations for suggestions on keeping ChromeDriver safe.
ChromeDriver was started successfully.
Aug 11, 2021 11:31:06 PM org.openqa.selenium.remote.ProtocolHandshake createSession
INFO: Detected dialect: W3C
]]></system-err>
  </testcase>
  <testcase name="divideTest" classname="tests.CalculatorFunctionalityTest" time="0.196"/>
  <testcase name="changeActionTest" classname="tests.CalculatorFunctionalityTest" time="2.353">
    <failure message="expected [1.01] but found [1]" type="java.lang.AssertionError">java.lang.AssertionError: expected [1.01] but found [1]
	at tests.CalculatorFunctionalityTest.changeActionTest(CalculatorFunctionalityTest.java:118)
</failure>
    <system-err><![CDATA[Starting ChromeDriver 92.0.4515.107 (87a818b10553a07434ea9e2b6dccf3cbe7895134-refs/branch-heads/4515@{#1634}) on port 28172
Only local connections are allowed.
Please see https://chromedriver.chromium.org/security-considerations for suggestions on keeping ChromeDriver safe.
ChromeDriver was started successfully.
Aug 11, 2021 11:31:08 PM org.openqa.selenium.remote.ProtocolHandshake createSession
INFO: Detected dialect: W3C
]]></system-err>
  </testcase>
  <testcase name="floatingPointTest" classname="tests.CalculatorFunctionalityTest" time="2.3"/>
  <testcase name="clearButtonTest" classname="tests.CalculatorFunctionalityTest" time="0.406">
    <failure message="The following asserts failed:&#10;	expected [123456789] but found [123466789]" type="java.lang.AssertionError">java.lang.AssertionError: 
The following asserts failed:
	expected [123456789] but found [123466789]
	at tests.CalculatorFunctionalityTest.clearButtonTest(CalculatorFunctionalityTest.java:130)
</failure>
    <system-err><![CDATA[Starting ChromeDriver 92.0.4515.107 (87a818b10553a07434ea9e2b6dccf3cbe7895134-refs/branch-heads/4515@{#1634}) on port 30980
Only local connections are allowed.
Please see https://chromedriver.chromium.org/security-considerations for suggestions on keeping ChromeDriver safe.
ChromeDriver was started successfully.
Aug 11, 2021 11:31:14 PM org.openqa.selenium.remote.ProtocolHandshake createSession
INFO: Detected dialect: W3C
]]></system-err>
  </testcase>
</testsuite>