-------------------------------------------------------------------------------
Test set: TestSuite
-------------------------------------------------------------------------------
Tests run: 23, Failures: 12, Errors: 0, Skipped: 0, Time elapsed: 28.779 s <<< FAILURE! - in TestSuite
addTest(tests.CalculatorFunctionalityTest)  Time elapsed: 0.255 s  <<< FAILURE!
java.lang.AssertionError: expected [6] but found [7]
	at tests.CalculatorFunctionalityTest.addTest(CalculatorFunctionalityTest.java:52)

subtractTest(tests.CalculatorFunctionalityTest)  Time elapsed: 0.189 s  <<< FAILURE!
java.lang.AssertionError: expected [-4] but found [-5]
	at tests.CalculatorFunctionalityTest.subtractTest(CalculatorFunctionalityTest.java:63)

multiplyTest(tests.CalculatorFunctionalityTest)  Time elapsed: 0.227 s  <<< FAILURE!
java.lang.AssertionError: expected [5] but found [8]
	at tests.CalculatorFunctionalityTest.multiplyTest(CalculatorFunctionalityTest.java:73)

multiplyTest(tests.CalculatorFunctionalityTest)  Time elapsed: 0.205 s  <<< FAILURE!
java.lang.AssertionError: expected [8] but found [10]
	at tests.CalculatorFunctionalityTest.multiplyTest(CalculatorFunctionalityTest.java:73)

multiplyTest(tests.CalculatorFunctionalityTest)  Time elapsed: 0.192 s  <<< FAILURE!
java.lang.AssertionError: expected [27] but found [29]
	at tests.CalculatorFunctionalityTest.multiplyTest(CalculatorFunctionalityTest.java:73)

multiplyTest(tests.CalculatorFunctionalityTest)  Time elapsed: 0.192 s  <<< FAILURE!
java.lang.AssertionError: expected [56] but found [58]
	at tests.CalculatorFunctionalityTest.multiplyTest(CalculatorFunctionalityTest.java:73)

multiplyTest(tests.CalculatorFunctionalityTest)  Time elapsed: 0.196 s  <<< FAILURE!
java.lang.AssertionError: expected [0] but found [2]
	at tests.CalculatorFunctionalityTest.multiplyTest(CalculatorFunctionalityTest.java:73)

divideTest(tests.CalculatorFunctionalityTest)  Time elapsed: 0.188 s  <<< FAILURE!
java.lang.AssertionError: expected [0.2] but found [0]
	at tests.CalculatorFunctionalityTest.divideTest(CalculatorFunctionalityTest.java:83)

divideTest(tests.CalculatorFunctionalityTest)  Time elapsed: 0.245 s  <<< FAILURE!
java.lang.AssertionError: expected [0.5] but found [1]
	at tests.CalculatorFunctionalityTest.divideTest(CalculatorFunctionalityTest.java:83)

divideTest(tests.CalculatorFunctionalityTest)  Time elapsed: 0.188 s  <<< FAILURE!
java.lang.AssertionError: expected [0.875] but found [1]
	at tests.CalculatorFunctionalityTest.divideTest(CalculatorFunctionalityTest.java:83)

changeActionTest(tests.CalculatorFunctionalityTest)  Time elapsed: 2.353 s  <<< FAILURE!
java.lang.AssertionError: expected [1.01] but found [1]
	at tests.CalculatorFunctionalityTest.changeActionTest(CalculatorFunctionalityTest.java:118)

clearButtonTest(tests.CalculatorFunctionalityTest)  Time elapsed: 0.406 s  <<< FAILURE!
java.lang.AssertionError: 
The following asserts failed:
	expected [123456789] but found [123466789]
	at tests.CalculatorFunctionalityTest.clearButtonTest(CalculatorFunctionalityTest.java:130)

