<?xml version="1.0" encoding="UTF-8"?>
<!-- Generated by org.testng.reporters.JUnitXMLReporter -->
<testsuite ignored="0" hostname="Dimasiks-MacBook-Pro.local" failures="0" tests="23" name="CalculatorFunctionality" time="28.366" errors="0" timestamp="2021-08-11T18:55:13 EDT">
  <testcase classname="tests.CalculatorFunctionalityTest" name="addTest" time="0.222"/>
  <testcase classname="tests.CalculatorFunctionalityTest" name="addTest" time="0.2"/>
  <testcase classname="tests.CalculatorFunctionalityTest" name="addTest" time="0.202"/>
  <testcase classname="tests.CalculatorFunctionalityTest" name="addTest" time="0.207"/>
  <testcase classname="tests.CalculatorFunctionalityTest" name="addTest" time="0.183"/>
  <testcase classname="tests.CalculatorFunctionalityTest" name="subtractTest" time="0.194"/>
  <testcase classname="tests.CalculatorFunctionalityTest" name="subtractTest" time="0.188"/>
  <testcase classname="tests.CalculatorFunctionalityTest" name="subtractTest" time="0.186"/>
  <testcase classname="tests.CalculatorFunctionalityTest" name="subtractTest" time="0.182"/>
  <testcase classname="tests.CalculatorFunctionalityTest" name="subtractTest" time="0.184"/>
  <testcase classname="tests.CalculatorFunctionalityTest" name="multiplyTest" time="0.207"/>
  <testcase classname="tests.CalculatorFunctionalityTest" name="multiplyTest" time="0.198"/>
  <testcase classname="tests.CalculatorFunctionalityTest" name="multiplyTest" time="0.196"/>
  <testcase classname="tests.CalculatorFunctionalityTest" name="multiplyTest" time="0.182"/>
  <testcase classname="tests.CalculatorFunctionalityTest" name="multiplyTest" time="0.182"/>
  <testcase classname="tests.CalculatorFunctionalityTest" name="divideTest" time="0.2"/>
  <testcase classname="tests.CalculatorFunctionalityTest" name="divideTest" time="0.191"/>
  <testcase classname="tests.CalculatorFunctionalityTest" name="divideTest" time="0.195"/>
  <testcase classname="tests.CalculatorFunctionalityTest" name="divideTest" time="0.255"/>
  <testcase classname="tests.CalculatorFunctionalityTest" name="divideTest" time="0.187"/>
  <testcase classname="tests.CalculatorFunctionalityTest" name="changeActionTest" time="2.331"/>
  <testcase classname="tests.CalculatorFunctionalityTest" name="floatingPointTest" time="2.3"/>
  <testcase classname="tests.CalculatorFunctionalityTest" name="clearButtonTest" time="0.54"/>
</testsuite> <!-- CalculatorFunctionality -->
